Using pre-set license
Built from '2021.3/staging' branch; Version is '2021.3.25f1 (68ef2c4f8861) revision 6876972'; Using compiler version '192829333'; Build Type 'Release'
OS: 'Windows 11  (10.0.22621) 64bit Professional' Language: 'en' Physical Memory: 32555 MB
BatchMode: 1, IsHumanControllingUs: 0, StartBugReporterOnCrash: 0, Is64bit: 1, IsPro: 1

COMMAND LINE ARGUMENTS:
C:\Program Files\Unity\Hub\Editor\2021.3.25f1\Editor\Unity.exe
-adb2
-batchMode
-noUpm
-name
AssetImportWorker1
-projectPath
D:/Abhishek/HeadBall
-logFile
Logs/AssetImportWorker1.log
-srvPort
54137
Successfully changed project path to: D:/Abhishek/HeadBall
D:/Abhishek/HeadBall
[UnityMemory] Configuration Parameters - Can be set up in boot.config
    "memorysetup-bucket-allocator-granularity=16"
    "memorysetup-bucket-allocator-bucket-count=8"
    "memorysetup-bucket-allocator-block-size=33554432"
    "memorysetup-bucket-allocator-block-count=8"
    "memorysetup-main-allocator-block-size=16777216"
    "memorysetup-thread-allocator-block-size=16777216"
    "memorysetup-gfx-main-allocator-block-size=16777216"
    "memorysetup-gfx-thread-allocator-block-size=16777216"
    "memorysetup-cache-allocator-block-size=4194304"
    "memorysetup-typetree-allocator-block-size=2097152"
    "memorysetup-profiler-bucket-allocator-granularity=16"
    "memorysetup-profiler-bucket-allocator-bucket-count=8"
    "memorysetup-profiler-bucket-allocator-block-size=33554432"
    "memorysetup-profiler-bucket-allocator-block-count=8"
    "memorysetup-profiler-allocator-block-size=16777216"
    "memorysetup-profiler-editor-allocator-block-size=1048576"
    "memorysetup-temp-allocator-size-main=16777216"
    "memorysetup-job-temp-allocator-block-size=2097152"
    "memorysetup-job-temp-allocator-block-size-background=1048576"
    "memorysetup-job-temp-allocator-reduction-small-platforms=262144"
    "memorysetup-temp-allocator-size-background-worker=32768"
    "memorysetup-temp-allocator-size-job-worker=262144"
    "memorysetup-temp-allocator-size-preload-manager=33554432"
    "memorysetup-temp-allocator-size-nav-mesh-worker=65536"
    "memorysetup-temp-allocator-size-audio-worker=65536"
    "memorysetup-temp-allocator-size-cloud-worker=32768"
    "memorysetup-temp-allocator-size-gi-baking-worker=262144"
    "memorysetup-temp-allocator-size-gfx=262144"
Player connection [33980] Host "[IP] 192.168.0.128 [Port] 0 [Flags] 2 [Guid] 1387373013 [EditorId] 1387373013 [Version] 1048832 [Id] WindowsEditor(7,XMetaPro-3) [Debug] 1 [PackageName] WindowsEditor [ProjectName] Editor" joined multi-casting on [225.0.0.222:54997]...

Player connection [33980] Host "[IP] 192.168.0.128 [Port] 0 [Flags] 2 [Guid] 1387373013 [EditorId] 1387373013 [Version] 1048832 [Id] WindowsEditor(7,XMetaPro-3) [Debug] 1 [PackageName] WindowsEditor [ProjectName] Editor" joined alternative multi-casting on [225.0.0.222:34997]...

Refreshing native plugins compatible for Editor in 51.95 ms, found 4 plugins.
Preloading 0 native plugins for Editor in 0.00 ms.
Initialize engine version: 2021.3.25f1 (68ef2c4f8861)
[Subsystems] Discovering subsystems at path C:/Program Files/Unity/Hub/Editor/2021.3.25f1/Editor/Data/Resources/UnitySubsystems
[Subsystems] Discovering subsystems at path D:/Abhishek/HeadBall/Assets
GfxDevice: creating device client; threaded=0; jobified=0
Direct3D:
    Version:  Direct3D 11.0 [level 11.1]
    Renderer: NVIDIA GeForce RTX 3060 (ID=0x2504)
    Vendor:   NVIDIA
    VRAM:     12129 MB
    Driver:   31.0.15.3598
Initialize mono
Mono path[0] = 'C:/Program Files/Unity/Hub/Editor/2021.3.25f1/Editor/Data/Managed'
Mono path[1] = 'C:/Program Files/Unity/Hub/Editor/2021.3.25f1/Editor/Data/MonoBleedingEdge/lib/mono/unityjit-win32'
Mono config path = 'C:/Program Files/Unity/Hub/Editor/2021.3.25f1/Editor/Data/MonoBleedingEdge/etc'
Using monoOptions --debugger-agent=transport=dt_socket,embedding=1,server=y,suspend=n,address=127.0.0.1:56480
Begin MonoManager ReloadAssembly
Registering precompiled unity dll's ...
Register platform support module: C:/Program Files/Unity/Hub/Editor/2021.3.25f1/Editor/Data/PlaybackEngines/WebGLSupport/UnityEditor.WebGL.Extensions.dll
Register platform support module: C:/Program Files/Unity/Hub/Editor/2021.3.25f1/Editor/Data/PlaybackEngines/AndroidPlayer/UnityEditor.Android.Extensions.dll
Register platform support module: C:/Program Files/Unity/Hub/Editor/2021.3.25f1/Editor/Data/PlaybackEngines/WindowsStandaloneSupport/UnityEditor.WindowsStandalone.Extensions.dll
Register platform support module: C:/Program Files/Unity/Hub/Editor/2021.3.25f1/Editor/Data/PlaybackEngines/LinuxStandaloneSupport/UnityEditor.LinuxStandalone.Extensions.dll
Registered in 0.003088 seconds.
Native extension for LinuxStandalone target not found
Native extension for WindowsStandalone target not found
Native extension for Android target not found
Android Extension - Scanning For ADB Devices 121 ms
Native extension for WebGL target not found
Refreshing native plugins compatible for Editor in 48.41 ms, found 4 plugins.
Preloading 0 native plugins for Editor in 0.00 ms.
Mono: successfully reloaded assembly
- Completed reload, in  0.507 seconds
Domain Reload Profiling:
	ReloadAssembly (507ms)
		BeginReloadAssembly (44ms)
			ExecutionOrderSort (0ms)
			DisableScriptedObjects (0ms)
			BackupInstance (0ms)
			ReleaseScriptingObjects (0ms)
			CreateAndSetChildDomain (0ms)
		EndReloadAssembly (409ms)
			LoadAssemblies (43ms)
			RebuildTransferFunctionScriptingTraits (0ms)
			SetupTypeCache (63ms)
			ReleaseScriptCaches (0ms)
			RebuildScriptCaches (17ms)
			SetupLoadedEditorAssemblies (299ms)
				LogAssemblyErrors (0ms)
				InitializePlatformSupportModulesInManaged (177ms)
				SetLoadedEditorAssemblies (0ms)
				RefreshPlugins (48ms)
				BeforeProcessingInitializeOnLoad (1ms)
				ProcessInitializeOnLoadAttributes (49ms)
				ProcessInitializeOnLoadMethodAttributes (23ms)
				AfterProcessingInitializeOnLoad (0ms)
				EditorAssembliesLoaded (0ms)
			ExecutionOrderSort2 (0ms)
			AwakeInstancesAfterBackupRestoration (0ms)
Platform modules already initialized, skipping
Registering precompiled user dll's ...
Registered in 0.001820 seconds.
Begin MonoManager ReloadAssembly
Symbol file LoadedFromMemory doesn't match image D:\Abhishek\HeadBall\Library\PackageCache\com.unity.visualscripting@1.8.0\Editor\VisualScripting.Core\Dependencies\YamlDotNet\Unity.VisualScripting.YamlDotNet.dll
Symbol file LoadedFromMemory doesn't match image D:\Abhishek\HeadBall\Library\PackageCache\com.unity.visualscripting@1.8.0\Editor\VisualScripting.Core\Dependencies\DotNetZip\Unity.VisualScripting.IonicZip.dll
Native extension for LinuxStandalone target not found
Native extension for WindowsStandalone target not found
Native extension for Android target not found
Native extension for WebGL target not found
Refreshing native plugins compatible for Editor in 47.53 ms, found 4 plugins.
Preloading 0 native plugins for Editor in 0.00 ms.
Mono: successfully reloaded assembly
- Completed reload, in  0.603 seconds
Domain Reload Profiling:
	ReloadAssembly (604ms)
		BeginReloadAssembly (64ms)
			ExecutionOrderSort (0ms)
			DisableScriptedObjects (3ms)
			BackupInstance (0ms)
			ReleaseScriptingObjects (0ms)
			CreateAndSetChildDomain (11ms)
		EndReloadAssembly (482ms)
			LoadAssemblies (46ms)
			RebuildTransferFunctionScriptingTraits (0ms)
			SetupTypeCache (132ms)
			ReleaseScriptCaches (0ms)
			RebuildScriptCaches (29ms)
			SetupLoadedEditorAssemblies (250ms)
				LogAssemblyErrors (0ms)
				InitializePlatformSupportModulesInManaged (14ms)
				SetLoadedEditorAssemblies (0ms)
				RefreshPlugins (48ms)
				BeforeProcessingInitializeOnLoad (47ms)
				ProcessInitializeOnLoadAttributes (117ms)
				ProcessInitializeOnLoadMethodAttributes (23ms)
				AfterProcessingInitializeOnLoad (3ms)
				EditorAssembliesLoaded (0ms)
			ExecutionOrderSort2 (0ms)
			AwakeInstancesAfterBackupRestoration (3ms)
Platform modules already initialized, skipping
========================================================================
Worker process is ready to serve import requests
Launched and connected shader compiler UnityShaderCompiler.exe after 0.02 seconds
Refreshing native plugins compatible for Editor in 0.45 ms, found 4 plugins.
Preloading 0 native plugins for Editor in 0.00 ms.
Unloading 3746 Unused Serialized files (Serialized files now loaded: 0)
Unloading 41 unused Assets / (457.2 KB). Loaded Objects now: 4203.
Memory consumption went from 148.2 MB to 147.8 MB.
Total: 1.989700 ms (FindLiveObjects: 0.163700 ms CreateObjectMapping: 0.064500 ms MarkObjects: 1.661800 ms  DeleteObjects: 0.099100 ms)

AssetImportParameters requested are different than current active one (requested -> active):
  custom:video-decoder-ogg-theora: a1e56fd34408186e4bbccfd4996cb3dc -> 
  custom:container-muxer-webm: aa71ff27fc2769a1b78a27578f13a17b -> 
  custom:container-demuxer-webm: 4f35f7cbe854078d1ac9338744f61a02 -> 
  custom:video-encoder-webm-vp8: eb34c28f22e8b96e1ab97ce403110664 -> 
  custom:audio-encoder-webm-vorbis: bf7c407c2cedff20999df2af8eb42d56 -> 
  custom:framework-win-MediaFoundation: 216162199b28c13a410421893ffa2e32 -> 
  custom:container-demuxer-ogg: 62fdf1f143b41e24485cea50d1cbac27 -> 
  custom:video-decoder-webm-vp8: 9c59270c3fd7afecdb556c50c9e8de78 -> 
  custom:audio-decoder-ogg-vorbis: bf7c407c2cedff20999df2af8eb42d56 -> 
========================================================================
Received Import Request.
  Time since last request: 13987.838796 seconds.
  path: Assets/KayKit_Adventurers_1.0_FREE/Characters/fbx/barbarian_texture.png
  artifactKey: Guid(07e41b8e053a42646b50ba2cf9ed6c1c) Importer(815301076,1909f56bfc062723c751e8b465ee728b)
Start importing Assets/KayKit_Adventurers_1.0_FREE/Characters/fbx/barbarian_texture.png using Guid(07e41b8e053a42646b50ba2cf9ed6c1c) Importer(815301076,1909f56bfc062723c751e8b465ee728b)  -> (artifact id: '4eda990fc7865a57c083482d761c4969') in 0.097762 seconds 
========================================================================
Received Import Request.
  Time since last request: 0.000021 seconds.
  path: Assets/KayKit_Adventurers_1.0_FREE/Characters/fbx/knight_texture.png
  artifactKey: Guid(a5b2e02195336f64d946fea54fe8d652) Importer(815301076,1909f56bfc062723c751e8b465ee728b)
Start importing Assets/KayKit_Adventurers_1.0_FREE/Characters/fbx/knight_texture.png using Guid(a5b2e02195336f64d946fea54fe8d652) Importer(815301076,1909f56bfc062723c751e8b465ee728b)  -> (artifact id: '052b9aef2c066026cdd517d7c73faa18') in 0.034687 seconds 
========================================================================
Received Import Request.
  Time since last request: 0.000023 seconds.
  path: Assets/KayKit_Adventurers_1.0_FREE/Characters/fbx/Mage.fbx
  artifactKey: Guid(770b9c5f40b3e574d90dc7a8c5ee44ed) Importer(815301076,1909f56bfc062723c751e8b465ee728b)
Start importing Assets/KayKit_Adventurers_1.0_FREE/Characters/fbx/Mage.fbx using Guid(770b9c5f40b3e574d90dc7a8c5ee44ed) Importer(815301076,1909f56bfc062723c751e8b465ee728b)  -> (artifact id: 'ee0b9b6e8e9a523cd0cb3c7ffdb74f73') in 0.176276 seconds 
========================================================================
Received Import Request.
  Time since last request: 0.000015 seconds.
  path: Assets/KayKit_Adventurers_1.0_FREE/Characters/fbx/RogueHooded.fbx
  artifactKey: Guid(7c7c5dc48f165054c85cdbfdae5427d1) Importer(815301076,1909f56bfc062723c751e8b465ee728b)
Start importing Assets/KayKit_Adventurers_1.0_FREE/Characters/fbx/RogueHooded.fbx using Guid(7c7c5dc48f165054c85cdbfdae5427d1) Importer(815301076,1909f56bfc062723c751e8b465ee728b)  -> (artifact id: '7cde1beb2ec23ef2e79f054d68ac9b81') in 0.066390 seconds 
========================================================================
Received Import Request.
  Time since last request: 12.877076 seconds.
  path: Assets/KayKit_Adventurers_1.0_FREE/Characters/gltf/rogue_texture.png
  artifactKey: Guid(47b804c9430db7f48a4e5c3d8c5fc251) Importer(815301076,1909f56bfc062723c751e8b465ee728b)
Start importing Assets/KayKit_Adventurers_1.0_FREE/Characters/gltf/rogue_texture.png using Guid(47b804c9430db7f48a4e5c3d8c5fc251) Importer(815301076,1909f56bfc062723c751e8b465ee728b)  -> (artifact id: '49a95e15ee2600e366eb73cc2c96d042') in 0.037226 seconds 
========================================================================
Received Import Request.
  Time since last request: 4.510162 seconds.
  path: Assets/KayKit_Adventurers_1.0_FREE/Assets/fbx/axe_2handed.fbx
  artifactKey: Guid(6234f465ce6c2694d860e12b0f22b9fe) Importer(815301076,1909f56bfc062723c751e8b465ee728b)
Start importing Assets/KayKit_Adventurers_1.0_FREE/Assets/fbx/axe_2handed.fbx using Guid(6234f465ce6c2694d860e12b0f22b9fe) Importer(815301076,1909f56bfc062723c751e8b465ee728b)  -> (artifact id: '8aba801b9412a46c30ecd1b3b7375e28') in 0.032655 seconds 
========================================================================
Received Import Request.
  Time since last request: 0.000014 seconds.
  path: Assets/KayKit_Adventurers_1.0_FREE/Assets/fbx/shield_spikes.fbx
  artifactKey: Guid(dcbbca948a8015241a6b3560f1076b74) Importer(815301076,1909f56bfc062723c751e8b465ee728b)
Start importing Assets/KayKit_Adventurers_1.0_FREE/Assets/fbx/shield_spikes.fbx using Guid(dcbbca948a8015241a6b3560f1076b74) Importer(815301076,1909f56bfc062723c751e8b465ee728b)  -> (artifact id: 'ce3c15a14c30dcbf352f9da086f514d7') in 0.051854 seconds 
========================================================================
Received Import Request.
  Time since last request: 0.000012 seconds.
  path: Assets/KayKit_Adventurers_1.0_FREE/Assets/fbx/sword_2handed.fbx
  artifactKey: Guid(3f69b743fa4df3145b3791e74ab7f8a4) Importer(815301076,1909f56bfc062723c751e8b465ee728b)
Start importing Assets/KayKit_Adventurers_1.0_FREE/Assets/fbx/sword_2handed.fbx using Guid(3f69b743fa4df3145b3791e74ab7f8a4) Importer(815301076,1909f56bfc062723c751e8b465ee728b)  -> (artifact id: '2b2318c537d3ea79a90bc50215993b3a') in 0.047305 seconds 
========================================================================
Received Import Request.
  Time since last request: 0.000020 seconds.
  path: Assets/KayKit_Adventurers_1.0_FREE/Assets/fbx/knight_texture.png
  artifactKey: Guid(7f5fa7a8966025d40b901afa2c553378) Importer(815301076,1909f56bfc062723c751e8b465ee728b)
Start importing Assets/KayKit_Adventurers_1.0_FREE/Assets/fbx/knight_texture.png using Guid(7f5fa7a8966025d40b901afa2c553378) Importer(815301076,1909f56bfc062723c751e8b465ee728b)  -> (artifact id: '73648fda92598c8235925a93cb7c9707') in 0.078162 seconds 
========================================================================
Received Import Request.
  Time since last request: 0.000024 seconds.
  path: Assets/KayKit_Adventurers_1.0_FREE/Assets/fbx/mug_full.fbx
  artifactKey: Guid(0845cf9008d4e884aab58ef9fb908d57) Importer(815301076,1909f56bfc062723c751e8b465ee728b)
Start importing Assets/KayKit_Adventurers_1.0_FREE/Assets/fbx/mug_full.fbx using Guid(0845cf9008d4e884aab58ef9fb908d57) Importer(815301076,1909f56bfc062723c751e8b465ee728b)  -> (artifact id: '4b02dfcb7c0a8e61f1415dc12adb261f') in 0.052838 seconds 
========================================================================
Received Import Request.
  Time since last request: 0.000015 seconds.
  path: Assets/KayKit_Adventurers_1.0_FREE/Assets/fbx/shield_round.fbx
  artifactKey: Guid(e27abf3bc022b4842ac277ef1d45cec1) Importer(815301076,1909f56bfc062723c751e8b465ee728b)
Start importing Assets/KayKit_Adventurers_1.0_FREE/Assets/fbx/shield_round.fbx using Guid(e27abf3bc022b4842ac277ef1d45cec1) Importer(815301076,1909f56bfc062723c751e8b465ee728b)  -> (artifact id: '9d406012aea6ea2461332cd52e7b606e') in 0.024452 seconds 
========================================================================
Received Import Request.
  Time since last request: 0.000015 seconds.
  path: Assets/KayKit_Adventurers_1.0_FREE/Assets/fbx/shield_round_barbarian.fbx
  artifactKey: Guid(2a43077fef9339240ab73c93be657114) Importer(815301076,1909f56bfc062723c751e8b465ee728b)
Start importing Assets/KayKit_Adventurers_1.0_FREE/Assets/fbx/shield_round_barbarian.fbx using Guid(2a43077fef9339240ab73c93be657114) Importer(815301076,1909f56bfc062723c751e8b465ee728b)  -> (artifact id: 'd89bd2e971c6690d4145b2aa98eb3d4b') in 0.021190 seconds 
========================================================================
Received Import Request.
  Time since last request: 6.282875 seconds.
  path: Assets/KayKit_Adventurers_1.0_FREE/Textures/rogue_texture.png
  artifactKey: Guid(72c673b83023c5242b565e5f07759a8e) Importer(815301076,1909f56bfc062723c751e8b465ee728b)
Start importing Assets/KayKit_Adventurers_1.0_FREE/Textures/rogue_texture.png using Guid(72c673b83023c5242b565e5f07759a8e) Importer(815301076,1909f56bfc062723c751e8b465ee728b)  -> (artifact id: '630de5df0c422499cf1e431fdf25df47') in 0.066494 seconds 
========================================================================
Received Import Request.
  Time since last request: 2.488049 seconds.
  path: Assets/KayKit_Adventurers_1.0_FREE/Samples/knight.png
  artifactKey: Guid(065f39d19596632489d553f54bcbf99e) Importer(815301076,1909f56bfc062723c751e8b465ee728b)
Start importing Assets/KayKit_Adventurers_1.0_FREE/Samples/knight.png using Guid(065f39d19596632489d553f54bcbf99e) Importer(815301076,1909f56bfc062723c751e8b465ee728b)  -> (artifact id: '38b013f8dac6afed40d8a157b6359234') in 0.098623 seconds 
========================================================================
Received Prepare
Registering precompiled user dll's ...
Registered in 0.001820 seconds.
Begin MonoManager ReloadAssembly
Symbol file LoadedFromMemory doesn't match image D:\Abhishek\HeadBall\Library\PackageCache\com.unity.visualscripting@1.8.0\Editor\VisualScripting.Core\Dependencies\YamlDotNet\Unity.VisualScripting.YamlDotNet.dll
Symbol file LoadedFromMemory doesn't match image D:\Abhishek\HeadBall\Library\PackageCache\com.unity.visualscripting@1.8.0\Editor\VisualScripting.Core\Dependencies\DotNetZip\Unity.VisualScripting.IonicZip.dll
Native extension for LinuxStandalone target not found
Native extension for WindowsStandalone target not found
Native extension for Android target not found
Native extension for WebGL target not found
Refreshing native plugins compatible for Editor in 0.49 ms, found 4 plugins.
Preloading 0 native plugins for Editor in 0.00 ms.
Mono: successfully reloaded assembly
- Completed reload, in  0.623 seconds
Domain Reload Profiling:
	ReloadAssembly (623ms)
		BeginReloadAssembly (86ms)
			ExecutionOrderSort (0ms)
			DisableScriptedObjects (3ms)
			BackupInstance (0ms)
			ReleaseScriptingObjects (0ms)
			CreateAndSetChildDomain (25ms)
		EndReloadAssembly (485ms)
			LoadAssemblies (51ms)
			RebuildTransferFunctionScriptingTraits (0ms)
			SetupTypeCache (146ms)
			ReleaseScriptCaches (1ms)
			RebuildScriptCaches (31ms)
			SetupLoadedEditorAssemblies (220ms)
				LogAssemblyErrors (0ms)
				InitializePlatformSupportModulesInManaged (18ms)
				SetLoadedEditorAssemblies (0ms)
				RefreshPlugins (1ms)
				BeforeProcessingInitializeOnLoad (43ms)
				ProcessInitializeOnLoadAttributes (129ms)
				ProcessInitializeOnLoadMethodAttributes (25ms)
				AfterProcessingInitializeOnLoad (4ms)
				EditorAssembliesLoaded (0ms)
			ExecutionOrderSort2 (0ms)
			AwakeInstancesAfterBackupRestoration (5ms)
Platform modules already initialized, skipping
Refreshing native plugins compatible for Editor in 1.06 ms, found 4 plugins.
Preloading 0 native plugins for Editor in 0.00 ms.
Unloading 3740 Unused Serialized files (Serialized files now loaded: 0)
Unloading 28 unused Assets / (195.7 KB). Loaded Objects now: 4255.
Memory consumption went from 147.8 MB to 147.7 MB.
Total: 2.835200 ms (FindLiveObjects: 0.419300 ms CreateObjectMapping: 0.130400 ms MarkObjects: 2.095300 ms  DeleteObjects: 0.189300 ms)

AssetImportParameters requested are different than current active one (requested -> active):
  custom:video-decoder-ogg-theora: a1e56fd34408186e4bbccfd4996cb3dc -> 
  custom:container-muxer-webm: aa71ff27fc2769a1b78a27578f13a17b -> 
  custom:container-demuxer-webm: 4f35f7cbe854078d1ac9338744f61a02 -> 
  custom:video-encoder-webm-vp8: eb34c28f22e8b96e1ab97ce403110664 -> 
  custom:audio-encoder-webm-vorbis: bf7c407c2cedff20999df2af8eb42d56 -> 
  custom:framework-win-MediaFoundation: 216162199b28c13a410421893ffa2e32 -> 
  custom:container-demuxer-ogg: 62fdf1f143b41e24485cea50d1cbac27 -> 
  custom:video-decoder-webm-vp8: 9c59270c3fd7afecdb556c50c9e8de78 -> 
  custom:audio-decoder-ogg-vorbis: bf7c407c2cedff20999df2af8eb42d56 -> 
========================================================================
Received Prepare
Registering precompiled user dll's ...
Registered in 0.002024 seconds.
Begin MonoManager ReloadAssembly
Symbol file LoadedFromMemory doesn't match image D:\Abhishek\HeadBall\Library\PackageCache\com.unity.visualscripting@1.8.0\Editor\VisualScripting.Core\Dependencies\YamlDotNet\Unity.VisualScripting.YamlDotNet.dll
Symbol file LoadedFromMemory doesn't match image D:\Abhishek\HeadBall\Library\PackageCache\com.unity.visualscripting@1.8.0\Editor\VisualScripting.Core\Dependencies\DotNetZip\Unity.VisualScripting.IonicZip.dll
Native extension for LinuxStandalone target not found
Native extension for WindowsStandalone target not found
Native extension for Android target not found
Native extension for WebGL target not found
Refreshing native plugins compatible for Editor in 0.51 ms, found 4 plugins.
Preloading 0 native plugins for Editor in 0.00 ms.
Mono: successfully reloaded assembly
- Completed reload, in  0.615 seconds
Domain Reload Profiling:
	ReloadAssembly (615ms)
		BeginReloadAssembly (83ms)
			ExecutionOrderSort (0ms)
			DisableScriptedObjects (5ms)
			BackupInstance (0ms)
			ReleaseScriptingObjects (0ms)
			CreateAndSetChildDomain (23ms)
		EndReloadAssembly (480ms)
			LoadAssemblies (50ms)
			RebuildTransferFunctionScriptingTraits (0ms)
			SetupTypeCache (146ms)
			ReleaseScriptCaches (1ms)
			RebuildScriptCaches (31ms)
			SetupLoadedEditorAssemblies (218ms)
				LogAssemblyErrors (0ms)
				InitializePlatformSupportModulesInManaged (18ms)
				SetLoadedEditorAssemblies (0ms)
				RefreshPlugins (1ms)
				BeforeProcessingInitializeOnLoad (42ms)
				ProcessInitializeOnLoadAttributes (129ms)
				ProcessInitializeOnLoadMethodAttributes (25ms)
				AfterProcessingInitializeOnLoad (3ms)
				EditorAssembliesLoaded (0ms)
			ExecutionOrderSort2 (0ms)
			AwakeInstancesAfterBackupRestoration (5ms)
Platform modules already initialized, skipping
Refreshing native plugins compatible for Editor in 1.00 ms, found 4 plugins.
Preloading 0 native plugins for Editor in 0.00 ms.
Unloading 3740 Unused Serialized files (Serialized files now loaded: 0)
Unloading 28 unused Assets / (196.0 KB). Loaded Objects now: 4258.
Memory consumption went from 147.8 MB to 147.7 MB.
Total: 1.958000 ms (FindLiveObjects: 0.169300 ms CreateObjectMapping: 0.073500 ms MarkObjects: 1.617300 ms  DeleteObjects: 0.097200 ms)

AssetImportParameters requested are different than current active one (requested -> active):
  custom:video-decoder-ogg-theora: a1e56fd34408186e4bbccfd4996cb3dc -> 
  custom:container-muxer-webm: aa71ff27fc2769a1b78a27578f13a17b -> 
  custom:container-demuxer-webm: 4f35f7cbe854078d1ac9338744f61a02 -> 
  custom:video-encoder-webm-vp8: eb34c28f22e8b96e1ab97ce403110664 -> 
  custom:audio-encoder-webm-vorbis: bf7c407c2cedff20999df2af8eb42d56 -> 
  custom:framework-win-MediaFoundation: 216162199b28c13a410421893ffa2e32 -> 
  custom:container-demuxer-ogg: 62fdf1f143b41e24485cea50d1cbac27 -> 
  custom:video-decoder-webm-vp8: 9c59270c3fd7afecdb556c50c9e8de78 -> 
  custom:audio-decoder-ogg-vorbis: bf7c407c2cedff20999df2af8eb42d56 -> 
Editor requested this worker to shutdown with reason: Scaling down because of idle timeout
AssetImportWorker is now disconnected from the server
Process exiting
Exiting without the bug reporter. Application will terminate with return code 0