Using pre-set license
Built from '2021.3/staging' branch; Version is '2021.3.25f1 (68ef2c4f8861) revision 6876972'; Using compiler version '192829333'; Build Type 'Release'
OS: 'Windows 11  (10.0.22621) 64bit Professional' Language: 'en' Physical Memory: 32555 MB
BatchMode: 1, IsHumanControllingUs: 0, StartBugReporterOnCrash: 0, Is64bit: 1, IsPro: 1

COMMAND LINE ARGUMENTS:
C:\Program Files\Unity\Hub\Editor\2021.3.25f1\Editor\Unity.exe
-adb2
-batchMode
-noUpm
-name
AssetImportWorker2
-projectPath
D:/Abhishek/HeadBall
-logFile
Logs/AssetImportWorker2.log
-srvPort
54137
Successfully changed project path to: D:/Abhishek/HeadBall
D:/Abhishek/HeadBall
[UnityMemory] Configuration Parameters - Can be set up in boot.config
    "memorysetup-bucket-allocator-granularity=16"
    "memorysetup-bucket-allocator-bucket-count=8"
    "memorysetup-bucket-allocator-block-size=33554432"
    "memorysetup-bucket-allocator-block-count=8"
    "memorysetup-main-allocator-block-size=16777216"
    "memorysetup-thread-allocator-block-size=16777216"
    "memorysetup-gfx-main-allocator-block-size=16777216"
    "memorysetup-gfx-thread-allocator-block-size=16777216"
    "memorysetup-cache-allocator-block-size=4194304"
    "memorysetup-typetree-allocator-block-size=2097152"
    "memorysetup-profiler-bucket-allocator-granularity=16"
    "memorysetup-profiler-bucket-allocator-bucket-count=8"
    "memorysetup-profiler-bucket-allocator-block-size=33554432"
    "memorysetup-profiler-bucket-allocator-block-count=8"
    "memorysetup-profiler-allocator-block-size=16777216"
    "memorysetup-profiler-editor-allocator-block-size=1048576"
    "memorysetup-temp-allocator-size-main=16777216"
    "memorysetup-job-temp-allocator-block-size=2097152"
    "memorysetup-job-temp-allocator-block-size-background=1048576"
    "memorysetup-job-temp-allocator-reduction-small-platforms=262144"
    "memorysetup-temp-allocator-size-background-worker=32768"
    "memorysetup-temp-allocator-size-job-worker=262144"
    "memorysetup-temp-allocator-size-preload-manager=33554432"
    "memorysetup-temp-allocator-size-nav-mesh-worker=65536"
    "memorysetup-temp-allocator-size-audio-worker=65536"
    "memorysetup-temp-allocator-size-cloud-worker=32768"
    "memorysetup-temp-allocator-size-gi-baking-worker=262144"
    "memorysetup-temp-allocator-size-gfx=262144"
Player connection [26172] Host "[IP] 192.168.0.128 [Port] 0 [Flags] 2 [Guid] 1735045639 [EditorId] 1735045639 [Version] 1048832 [Id] WindowsEditor(7,XMetaPro-3) [Debug] 1 [PackageName] WindowsEditor [ProjectName] Editor" joined multi-casting on [225.0.0.222:54997]...

Player connection [26172] Host "[IP] 192.168.0.128 [Port] 0 [Flags] 2 [Guid] 1735045639 [EditorId] 1735045639 [Version] 1048832 [Id] WindowsEditor(7,XMetaPro-3) [Debug] 1 [PackageName] WindowsEditor [ProjectName] Editor" joined alternative multi-casting on [225.0.0.222:34997]...

Refreshing native plugins compatible for Editor in 56.54 ms, found 4 plugins.
Preloading 0 native plugins for Editor in 0.00 ms.
Initialize engine version: 2021.3.25f1 (68ef2c4f8861)
[Subsystems] Discovering subsystems at path C:/Program Files/Unity/Hub/Editor/2021.3.25f1/Editor/Data/Resources/UnitySubsystems
[Subsystems] Discovering subsystems at path D:/Abhishek/HeadBall/Assets
GfxDevice: creating device client; threaded=0; jobified=0
Direct3D:
    Version:  Direct3D 11.0 [level 11.1]
    Renderer: NVIDIA GeForce RTX 3060 (ID=0x2504)
    Vendor:   NVIDIA
    VRAM:     12129 MB
    Driver:   31.0.15.3598
Initialize mono
Mono path[0] = 'C:/Program Files/Unity/Hub/Editor/2021.3.25f1/Editor/Data/Managed'
Mono path[1] = 'C:/Program Files/Unity/Hub/Editor/2021.3.25f1/Editor/Data/MonoBleedingEdge/lib/mono/unityjit-win32'
Mono config path = 'C:/Program Files/Unity/Hub/Editor/2021.3.25f1/Editor/Data/MonoBleedingEdge/etc'
Using monoOptions --debugger-agent=transport=dt_socket,embedding=1,server=y,suspend=n,address=127.0.0.1:56516
Begin MonoManager ReloadAssembly
Registering precompiled unity dll's ...
Register platform support module: C:/Program Files/Unity/Hub/Editor/2021.3.25f1/Editor/Data/PlaybackEngines/WebGLSupport/UnityEditor.WebGL.Extensions.dll
Register platform support module: C:/Program Files/Unity/Hub/Editor/2021.3.25f1/Editor/Data/PlaybackEngines/AndroidPlayer/UnityEditor.Android.Extensions.dll
Register platform support module: C:/Program Files/Unity/Hub/Editor/2021.3.25f1/Editor/Data/PlaybackEngines/WindowsStandaloneSupport/UnityEditor.WindowsStandalone.Extensions.dll
Register platform support module: C:/Program Files/Unity/Hub/Editor/2021.3.25f1/Editor/Data/PlaybackEngines/LinuxStandaloneSupport/UnityEditor.LinuxStandalone.Extensions.dll
Registered in 0.003086 seconds.
Native extension for LinuxStandalone target not found
Native extension for WindowsStandalone target not found
Native extension for Android target not found
Android Extension - Scanning For ADB Devices 141 ms
Native extension for WebGL target not found
Refreshing native plugins compatible for Editor in 47.42 ms, found 4 plugins.
Preloading 0 native plugins for Editor in 0.00 ms.
Mono: successfully reloaded assembly
- Completed reload, in  0.528 seconds
Domain Reload Profiling:
	ReloadAssembly (528ms)
		BeginReloadAssembly (50ms)
			ExecutionOrderSort (0ms)
			DisableScriptedObjects (0ms)
			BackupInstance (0ms)
			ReleaseScriptingObjects (0ms)
			CreateAndSetChildDomain (0ms)
		EndReloadAssembly (423ms)
			LoadAssemblies (49ms)
			RebuildTransferFunctionScriptingTraits (0ms)
			SetupTypeCache (60ms)
			ReleaseScriptCaches (0ms)
			RebuildScriptCaches (15ms)
			SetupLoadedEditorAssemblies (318ms)
				LogAssemblyErrors (0ms)
				InitializePlatformSupportModulesInManaged (197ms)
				SetLoadedEditorAssemblies (0ms)
				RefreshPlugins (47ms)
				BeforeProcessingInitializeOnLoad (1ms)
				ProcessInitializeOnLoadAttributes (48ms)
				ProcessInitializeOnLoadMethodAttributes (24ms)
				AfterProcessingInitializeOnLoad (0ms)
				EditorAssembliesLoaded (0ms)
			ExecutionOrderSort2 (0ms)
			AwakeInstancesAfterBackupRestoration (0ms)
Platform modules already initialized, skipping
Registering precompiled user dll's ...
Registered in 0.001836 seconds.
Begin MonoManager ReloadAssembly
Symbol file LoadedFromMemory doesn't match image D:\Abhishek\HeadBall\Library\PackageCache\com.unity.visualscripting@1.8.0\Editor\VisualScripting.Core\Dependencies\YamlDotNet\Unity.VisualScripting.YamlDotNet.dll
Symbol file LoadedFromMemory doesn't match image D:\Abhishek\HeadBall\Library\PackageCache\com.unity.visualscripting@1.8.0\Editor\VisualScripting.Core\Dependencies\DotNetZip\Unity.VisualScripting.IonicZip.dll
Native extension for LinuxStandalone target not found
Native extension for WindowsStandalone target not found
Native extension for Android target not found
Native extension for WebGL target not found
Refreshing native plugins compatible for Editor in 47.84 ms, found 4 plugins.
Preloading 0 native plugins for Editor in 0.00 ms.
Mono: successfully reloaded assembly
- Completed reload, in  0.680 seconds
Domain Reload Profiling:
	ReloadAssembly (681ms)
		BeginReloadAssembly (65ms)
			ExecutionOrderSort (0ms)
			DisableScriptedObjects (4ms)
			BackupInstance (0ms)
			ReleaseScriptingObjects (0ms)
			CreateAndSetChildDomain (12ms)
		EndReloadAssembly (556ms)
			LoadAssemblies (49ms)
			RebuildTransferFunctionScriptingTraits (0ms)
			SetupTypeCache (169ms)
			ReleaseScriptCaches (0ms)
			RebuildScriptCaches (34ms)
			SetupLoadedEditorAssemblies (271ms)
				LogAssemblyErrors (0ms)
				InitializePlatformSupportModulesInManaged (14ms)
				SetLoadedEditorAssemblies (0ms)
				RefreshPlugins (48ms)
				BeforeProcessingInitializeOnLoad (50ms)
				ProcessInitializeOnLoadAttributes (131ms)
				ProcessInitializeOnLoadMethodAttributes (25ms)
				AfterProcessingInitializeOnLoad (4ms)
				EditorAssembliesLoaded (0ms)
			ExecutionOrderSort2 (0ms)
			AwakeInstancesAfterBackupRestoration (4ms)
Platform modules already initialized, skipping
========================================================================
Worker process is ready to serve import requests
Launched and connected shader compiler UnityShaderCompiler.exe after 0.03 seconds
Refreshing native plugins compatible for Editor in 0.54 ms, found 4 plugins.
Preloading 0 native plugins for Editor in 0.00 ms.
Unloading 3746 Unused Serialized files (Serialized files now loaded: 0)
Unloading 41 unused Assets / (457.2 KB). Loaded Objects now: 4203.
Memory consumption went from 148.2 MB to 147.8 MB.
Total: 2.107200 ms (FindLiveObjects: 0.183100 ms CreateObjectMapping: 0.091000 ms MarkObjects: 1.733700 ms  DeleteObjects: 0.098500 ms)

AssetImportParameters requested are different than current active one (requested -> active):
  custom:video-decoder-ogg-theora: a1e56fd34408186e4bbccfd4996cb3dc -> 
  custom:container-muxer-webm: aa71ff27fc2769a1b78a27578f13a17b -> 
  custom:container-demuxer-webm: 4f35f7cbe854078d1ac9338744f61a02 -> 
  custom:video-encoder-webm-vp8: eb34c28f22e8b96e1ab97ce403110664 -> 
  custom:audio-encoder-webm-vorbis: bf7c407c2cedff20999df2af8eb42d56 -> 
  custom:framework-win-MediaFoundation: 216162199b28c13a410421893ffa2e32 -> 
  custom:container-demuxer-ogg: 62fdf1f143b41e24485cea50d1cbac27 -> 
  custom:video-decoder-webm-vp8: 9c59270c3fd7afecdb556c50c9e8de78 -> 
  custom:audio-decoder-ogg-vorbis: bf7c407c2cedff20999df2af8eb42d56 -> 
========================================================================
Received Import Request.
  Time since last request: 14001.108320 seconds.
  path: Assets/KayKit_Adventurers_1.0_FREE/Characters/gltf/knight_texture.png
  artifactKey: Guid(b7ac551b381f00345afa5bc2967c3e80) Importer(815301076,1909f56bfc062723c751e8b465ee728b)
Start importing Assets/KayKit_Adventurers_1.0_FREE/Characters/gltf/knight_texture.png using Guid(b7ac551b381f00345afa5bc2967c3e80) Importer(815301076,1909f56bfc062723c751e8b465ee728b)  -> (artifact id: '17995bd82bdb31b77afd44e795569392') in 0.086830 seconds 
========================================================================
Received Import Request.
  Time since last request: 4.461880 seconds.
  path: Assets/KayKit_Adventurers_1.0_FREE/Assets/fbx/arrow_bundle.fbx
  artifactKey: Guid(3fed992f32703a54f8c9ac6702b0d895) Importer(815301076,1909f56bfc062723c751e8b465ee728b)
Start importing Assets/KayKit_Adventurers_1.0_FREE/Assets/fbx/arrow_bundle.fbx using Guid(3fed992f32703a54f8c9ac6702b0d895) Importer(815301076,1909f56bfc062723c751e8b465ee728b)  -> (artifact id: '445783134e813b602eafdaf9f518e165') in 0.077944 seconds 
========================================================================
Received Import Request.
  Time since last request: 0.000025 seconds.
  path: Assets/KayKit_Adventurers_1.0_FREE/Assets/fbx/crossbow_2handed.fbx
  artifactKey: Guid(fe6ed5e54a10be34cb478e89223cf4aa) Importer(815301076,1909f56bfc062723c751e8b465ee728b)
Start importing Assets/KayKit_Adventurers_1.0_FREE/Assets/fbx/crossbow_2handed.fbx using Guid(fe6ed5e54a10be34cb478e89223cf4aa) Importer(815301076,1909f56bfc062723c751e8b465ee728b)  -> (artifact id: '832bac072f3dacd94477152d2065db66') in 0.054440 seconds 
========================================================================
Received Import Request.
  Time since last request: 0.000023 seconds.
  path: Assets/KayKit_Adventurers_1.0_FREE/Assets/fbx/quiver.fbx
  artifactKey: Guid(29d69c88f6920e84ba245bbdf93a95a0) Importer(815301076,1909f56bfc062723c751e8b465ee728b)
Start importing Assets/KayKit_Adventurers_1.0_FREE/Assets/fbx/quiver.fbx using Guid(29d69c88f6920e84ba245bbdf93a95a0) Importer(815301076,1909f56bfc062723c751e8b465ee728b)  -> (artifact id: '440636c24b9f4c8c32560d0f36796620') in 0.042008 seconds 
========================================================================
Received Import Request.
  Time since last request: 0.000016 seconds.
  path: Assets/KayKit_Adventurers_1.0_FREE/Assets/fbx/wand.fbx
  artifactKey: Guid(cf06ff2e650de764dab9de380b8de597) Importer(815301076,1909f56bfc062723c751e8b465ee728b)
Start importing Assets/KayKit_Adventurers_1.0_FREE/Assets/fbx/wand.fbx using Guid(cf06ff2e650de764dab9de380b8de597) Importer(815301076,1909f56bfc062723c751e8b465ee728b)  -> (artifact id: 'b49189304d2b49a446f43ea8c2358206') in 0.038587 seconds 
========================================================================
Received Import Request.
  Time since last request: 0.000017 seconds.
  path: Assets/KayKit_Adventurers_1.0_FREE/Assets/fbx/crossbow_1handed.fbx
  artifactKey: Guid(79c9e9718776df243a1c1da0db8b1b26) Importer(815301076,1909f56bfc062723c751e8b465ee728b)
Start importing Assets/KayKit_Adventurers_1.0_FREE/Assets/fbx/crossbow_1handed.fbx using Guid(79c9e9718776df243a1c1da0db8b1b26) Importer(815301076,1909f56bfc062723c751e8b465ee728b)  -> (artifact id: '81d1564b60cceee5f349b4ac5bc0d00a') in 0.052038 seconds 
========================================================================
Received Import Request.
  Time since last request: 0.000018 seconds.
  path: Assets/KayKit_Adventurers_1.0_FREE/Assets/fbx/shield_badge.fbx
  artifactKey: Guid(7a2590ea5ede03544bc64581f7c46e0a) Importer(815301076,1909f56bfc062723c751e8b465ee728b)
Start importing Assets/KayKit_Adventurers_1.0_FREE/Assets/fbx/shield_badge.fbx using Guid(7a2590ea5ede03544bc64581f7c46e0a) Importer(815301076,1909f56bfc062723c751e8b465ee728b)  -> (artifact id: 'ebe02a33cf0b48c881b289fd3c1f8f39') in 0.025410 seconds 
========================================================================
Received Import Request.
  Time since last request: 0.000015 seconds.
  path: Assets/KayKit_Adventurers_1.0_FREE/Assets/fbx/mug_empty.fbx
  artifactKey: Guid(27797c526cfe3b945bfd1b997901848e) Importer(815301076,1909f56bfc062723c751e8b465ee728b)
Start importing Assets/KayKit_Adventurers_1.0_FREE/Assets/fbx/mug_empty.fbx using Guid(27797c526cfe3b945bfd1b997901848e) Importer(815301076,1909f56bfc062723c751e8b465ee728b)  -> (artifact id: '545757f2e446eb60ef41ab3abb4e0528') in 0.021404 seconds 
========================================================================
Received Import Request.
  Time since last request: 6.282336 seconds.
  path: Assets/KayKit_Adventurers_1.0_FREE/Textures/knight_texture.png
  artifactKey: Guid(cf17eacdd05450a499b3d93e78679c5e) Importer(815301076,1909f56bfc062723c751e8b465ee728b)
Start importing Assets/KayKit_Adventurers_1.0_FREE/Textures/knight_texture.png using Guid(cf17eacdd05450a499b3d93e78679c5e) Importer(815301076,1909f56bfc062723c751e8b465ee728b)  -> (artifact id: '1c87617ce0f8828b9b94a8345272c4ea') in 0.068695 seconds 
========================================================================
Received Import Request.
  Time since last request: 2.488029 seconds.
  path: Assets/KayKit_Adventurers_1.0_FREE/Samples/druid.png
  artifactKey: Guid(7d7092ab40c8ef64aa509db083ab31c8) Importer(815301076,1909f56bfc062723c751e8b465ee728b)
Start importing Assets/KayKit_Adventurers_1.0_FREE/Samples/druid.png using Guid(7d7092ab40c8ef64aa509db083ab31c8) Importer(815301076,1909f56bfc062723c751e8b465ee728b)  -> (artifact id: '33e4b9f791654a095f62fb5f7b8e12ab') in 0.098112 seconds 
========================================================================
Received Prepare
Registering precompiled user dll's ...
Registered in 0.002081 seconds.
Begin MonoManager ReloadAssembly
Symbol file LoadedFromMemory doesn't match image D:\Abhishek\HeadBall\Library\PackageCache\com.unity.visualscripting@1.8.0\Editor\VisualScripting.Core\Dependencies\YamlDotNet\Unity.VisualScripting.YamlDotNet.dll
Symbol file LoadedFromMemory doesn't match image D:\Abhishek\HeadBall\Library\PackageCache\com.unity.visualscripting@1.8.0\Editor\VisualScripting.Core\Dependencies\DotNetZip\Unity.VisualScripting.IonicZip.dll
Native extension for LinuxStandalone target not found
Native extension for WindowsStandalone target not found
Native extension for Android target not found
Native extension for WebGL target not found
Refreshing native plugins compatible for Editor in 0.39 ms, found 4 plugins.
Preloading 0 native plugins for Editor in 0.00 ms.
Mono: successfully reloaded assembly
- Completed reload, in  0.626 seconds
Domain Reload Profiling:
	ReloadAssembly (627ms)
		BeginReloadAssembly (87ms)
			ExecutionOrderSort (0ms)
			DisableScriptedObjects (3ms)
			BackupInstance (0ms)
			ReleaseScriptingObjects (0ms)
			CreateAndSetChildDomain (25ms)
		EndReloadAssembly (487ms)
			LoadAssemblies (52ms)
			RebuildTransferFunctionScriptingTraits (0ms)
			SetupTypeCache (146ms)
			ReleaseScriptCaches (1ms)
			RebuildScriptCaches (31ms)
			SetupLoadedEditorAssemblies (223ms)
				LogAssemblyErrors (0ms)
				InitializePlatformSupportModulesInManaged (18ms)
				SetLoadedEditorAssemblies (0ms)
				RefreshPlugins (0ms)
				BeforeProcessingInitializeOnLoad (44ms)
				ProcessInitializeOnLoadAttributes (131ms)
				ProcessInitializeOnLoadMethodAttributes (26ms)
				AfterProcessingInitializeOnLoad (3ms)
				EditorAssembliesLoaded (0ms)
			ExecutionOrderSort2 (0ms)
			AwakeInstancesAfterBackupRestoration (4ms)
Platform modules already initialized, skipping
Refreshing native plugins compatible for Editor in 1.74 ms, found 4 plugins.
Preloading 0 native plugins for Editor in 0.00 ms.
Unloading 3740 Unused Serialized files (Serialized files now loaded: 0)
Unloading 28 unused Assets / (195.9 KB). Loaded Objects now: 4255.
Memory consumption went from 147.8 MB to 147.6 MB.
Total: 2.720800 ms (FindLiveObjects: 0.406200 ms CreateObjectMapping: 0.118700 ms MarkObjects: 2.087100 ms  DeleteObjects: 0.107900 ms)

AssetImportParameters requested are different than current active one (requested -> active):
  custom:video-decoder-ogg-theora: a1e56fd34408186e4bbccfd4996cb3dc -> 
  custom:container-muxer-webm: aa71ff27fc2769a1b78a27578f13a17b -> 
  custom:container-demuxer-webm: 4f35f7cbe854078d1ac9338744f61a02 -> 
  custom:video-encoder-webm-vp8: eb34c28f22e8b96e1ab97ce403110664 -> 
  custom:audio-encoder-webm-vorbis: bf7c407c2cedff20999df2af8eb42d56 -> 
  custom:framework-win-MediaFoundation: 216162199b28c13a410421893ffa2e32 -> 
  custom:container-demuxer-ogg: 62fdf1f143b41e24485cea50d1cbac27 -> 
  custom:video-decoder-webm-vp8: 9c59270c3fd7afecdb556c50c9e8de78 -> 
  custom:audio-decoder-ogg-vorbis: bf7c407c2cedff20999df2af8eb42d56 -> 
Editor requested this worker to shutdown with reason: Scaling down because of idle timeout
AssetImportWorker is now disconnected from the server
Process exiting
Exiting without the bug reporter. Application will terminate with return code 0