Using pre-set license
Built from '2021.3/staging' branch; Version is '2021.3.25f1 (68ef2c4f8861) revision 6876972'; Using compiler version '192829333'; Build Type 'Release'
OS: 'Windows 11  (10.0.22621) 64bit Professional' Language: 'en' Physical Memory: 32555 MB
BatchMode: 1, IsHumanControllingUs: 0, StartBugReporterOnCrash: 0, Is64bit: 1, IsPro: 1

COMMAND LINE ARGUMENTS:
C:\Program Files\Unity\Hub\Editor\2021.3.25f1\Editor\Unity.exe
-adb2
-batchMode
-noUpm
-name
AssetImportWorker0
-projectPath
D:/Abhishek/HeadBall
-logFile
Logs/AssetImportWorker0.log
-srvPort
54137
Successfully changed project path to: D:/Abhishek/HeadBall
D:/Abhishek/HeadBall
[UnityMemory] Configuration Parameters - Can be set up in boot.config
    "memorysetup-bucket-allocator-granularity=16"
    "memorysetup-bucket-allocator-bucket-count=8"
    "memorysetup-bucket-allocator-block-size=33554432"
    "memorysetup-bucket-allocator-block-count=8"
    "memorysetup-main-allocator-block-size=16777216"
    "memorysetup-thread-allocator-block-size=16777216"
    "memorysetup-gfx-main-allocator-block-size=16777216"
    "memorysetup-gfx-thread-allocator-block-size=16777216"
    "memorysetup-cache-allocator-block-size=4194304"
    "memorysetup-typetree-allocator-block-size=2097152"
    "memorysetup-profiler-bucket-allocator-granularity=16"
    "memorysetup-profiler-bucket-allocator-bucket-count=8"
    "memorysetup-profiler-bucket-allocator-block-size=33554432"
    "memorysetup-profiler-bucket-allocator-block-count=8"
    "memorysetup-profiler-allocator-block-size=16777216"
    "memorysetup-profiler-editor-allocator-block-size=1048576"
    "memorysetup-temp-allocator-size-main=16777216"
    "memorysetup-job-temp-allocator-block-size=2097152"
    "memorysetup-job-temp-allocator-block-size-background=1048576"
    "memorysetup-job-temp-allocator-reduction-small-platforms=262144"
    "memorysetup-temp-allocator-size-background-worker=32768"
    "memorysetup-temp-allocator-size-job-worker=262144"
    "memorysetup-temp-allocator-size-preload-manager=33554432"
    "memorysetup-temp-allocator-size-nav-mesh-worker=65536"
    "memorysetup-temp-allocator-size-audio-worker=65536"
    "memorysetup-temp-allocator-size-cloud-worker=32768"
    "memorysetup-temp-allocator-size-gi-baking-worker=262144"
    "memorysetup-temp-allocator-size-gfx=262144"
Player connection [19920] Host "[IP] 192.168.0.128 [Port] 0 [Flags] 2 [Guid] 1596812169 [EditorId] 1596812169 [Version] 1048832 [Id] WindowsEditor(7,XMetaPro-3) [Debug] 1 [PackageName] WindowsEditor [ProjectName] Editor" joined multi-casting on [225.0.0.222:54997]...

Player connection [19920] Host "[IP] 192.168.0.128 [Port] 0 [Flags] 2 [Guid] 1596812169 [EditorId] 1596812169 [Version] 1048832 [Id] WindowsEditor(7,XMetaPro-3) [Debug] 1 [PackageName] WindowsEditor [ProjectName] Editor" joined alternative multi-casting on [225.0.0.222:34997]...

Refreshing native plugins compatible for Editor in 49.25 ms, found 4 plugins.
Preloading 0 native plugins for Editor in 0.00 ms.
Initialize engine version: 2021.3.25f1 (68ef2c4f8861)
[Subsystems] Discovering subsystems at path C:/Program Files/Unity/Hub/Editor/2021.3.25f1/Editor/Data/Resources/UnitySubsystems
[Subsystems] Discovering subsystems at path D:/Abhishek/HeadBall/Assets
GfxDevice: creating device client; threaded=0; jobified=0
Direct3D:
    Version:  Direct3D 11.0 [level 11.1]
    Renderer: NVIDIA GeForce RTX 3060 (ID=0x2504)
    Vendor:   NVIDIA
    VRAM:     12129 MB
    Driver:   31.0.15.3598
Initialize mono
Mono path[0] = 'C:/Program Files/Unity/Hub/Editor/2021.3.25f1/Editor/Data/Managed'
Mono path[1] = 'C:/Program Files/Unity/Hub/Editor/2021.3.25f1/Editor/Data/MonoBleedingEdge/lib/mono/unityjit-win32'
Mono config path = 'C:/Program Files/Unity/Hub/Editor/2021.3.25f1/Editor/Data/MonoBleedingEdge/etc'
Using monoOptions --debugger-agent=transport=dt_socket,embedding=1,server=y,suspend=n,address=127.0.0.1:56220
Begin MonoManager ReloadAssembly
Registering precompiled unity dll's ...
Register platform support module: C:/Program Files/Unity/Hub/Editor/2021.3.25f1/Editor/Data/PlaybackEngines/WebGLSupport/UnityEditor.WebGL.Extensions.dll
Register platform support module: C:/Program Files/Unity/Hub/Editor/2021.3.25f1/Editor/Data/PlaybackEngines/AndroidPlayer/UnityEditor.Android.Extensions.dll
Register platform support module: C:/Program Files/Unity/Hub/Editor/2021.3.25f1/Editor/Data/PlaybackEngines/WindowsStandaloneSupport/UnityEditor.WindowsStandalone.Extensions.dll
Register platform support module: C:/Program Files/Unity/Hub/Editor/2021.3.25f1/Editor/Data/PlaybackEngines/LinuxStandaloneSupport/UnityEditor.LinuxStandalone.Extensions.dll
Registered in 0.003056 seconds.
Native extension for LinuxStandalone target not found
Native extension for WindowsStandalone target not found
Native extension for Android target not found
Android Extension - Scanning For ADB Devices 126 ms
Native extension for WebGL target not found
Refreshing native plugins compatible for Editor in 49.97 ms, found 4 plugins.
Preloading 0 native plugins for Editor in 0.00 ms.
Mono: successfully reloaded assembly
- Completed reload, in  0.511 seconds
Domain Reload Profiling:
	ReloadAssembly (512ms)
		BeginReloadAssembly (46ms)
			ExecutionOrderSort (0ms)
			DisableScriptedObjects (0ms)
			BackupInstance (0ms)
			ReleaseScriptingObjects (0ms)
			CreateAndSetChildDomain (0ms)
		EndReloadAssembly (412ms)
			LoadAssemblies (45ms)
			RebuildTransferFunctionScriptingTraits (0ms)
			SetupTypeCache (60ms)
			ReleaseScriptCaches (0ms)
			RebuildScriptCaches (15ms)
			SetupLoadedEditorAssemblies (308ms)
				LogAssemblyErrors (0ms)
				InitializePlatformSupportModulesInManaged (182ms)
				SetLoadedEditorAssemblies (0ms)
				RefreshPlugins (50ms)
				BeforeProcessingInitializeOnLoad (1ms)
				ProcessInitializeOnLoadAttributes (51ms)
				ProcessInitializeOnLoadMethodAttributes (24ms)
				AfterProcessingInitializeOnLoad (0ms)
				EditorAssembliesLoaded (0ms)
			ExecutionOrderSort2 (0ms)
			AwakeInstancesAfterBackupRestoration (0ms)
Platform modules already initialized, skipping
Registering precompiled user dll's ...
Registered in 0.001842 seconds.
Begin MonoManager ReloadAssembly
Symbol file LoadedFromMemory doesn't match image D:\Abhishek\HeadBall\Library\PackageCache\com.unity.visualscripting@1.8.0\Editor\VisualScripting.Core\Dependencies\YamlDotNet\Unity.VisualScripting.YamlDotNet.dll
Symbol file LoadedFromMemory doesn't match image D:\Abhishek\HeadBall\Library\PackageCache\com.unity.visualscripting@1.8.0\Editor\VisualScripting.Core\Dependencies\DotNetZip\Unity.VisualScripting.IonicZip.dll
Native extension for LinuxStandalone target not found
Native extension for WindowsStandalone target not found
Native extension for Android target not found
Native extension for WebGL target not found
Refreshing native plugins compatible for Editor in 47.97 ms, found 4 plugins.
Preloading 0 native plugins for Editor in 0.00 ms.
Mono: successfully reloaded assembly
- Completed reload, in  0.607 seconds
Domain Reload Profiling:
	ReloadAssembly (608ms)
		BeginReloadAssembly (65ms)
			ExecutionOrderSort (0ms)
			DisableScriptedObjects (3ms)
			BackupInstance (0ms)
			ReleaseScriptingObjects (0ms)
			CreateAndSetChildDomain (12ms)
		EndReloadAssembly (485ms)
			LoadAssemblies (48ms)
			RebuildTransferFunctionScriptingTraits (0ms)
			SetupTypeCache (129ms)
			ReleaseScriptCaches (0ms)
			RebuildScriptCaches (31ms)
			SetupLoadedEditorAssemblies (252ms)
				LogAssemblyErrors (0ms)
				InitializePlatformSupportModulesInManaged (13ms)
				SetLoadedEditorAssemblies (0ms)
				RefreshPlugins (48ms)
				BeforeProcessingInitializeOnLoad (48ms)
				ProcessInitializeOnLoadAttributes (119ms)
				ProcessInitializeOnLoadMethodAttributes (22ms)
				AfterProcessingInitializeOnLoad (3ms)
				EditorAssembliesLoaded (0ms)
			ExecutionOrderSort2 (0ms)
			AwakeInstancesAfterBackupRestoration (3ms)
Platform modules already initialized, skipping
========================================================================
Worker process is ready to serve import requests
Launched and connected shader compiler UnityShaderCompiler.exe after 0.02 seconds
Refreshing native plugins compatible for Editor in 0.44 ms, found 4 plugins.
Preloading 0 native plugins for Editor in 0.00 ms.
Unloading 3746 Unused Serialized files (Serialized files now loaded: 0)
Unloading 41 unused Assets / (457.2 KB). Loaded Objects now: 4203.
Memory consumption went from 148.2 MB to 147.8 MB.
Total: 2.022100 ms (FindLiveObjects: 0.167600 ms CreateObjectMapping: 0.073400 ms MarkObjects: 1.682700 ms  DeleteObjects: 0.097800 ms)

AssetImportParameters requested are different than current active one (requested -> active):
  custom:video-decoder-ogg-theora: a1e56fd34408186e4bbccfd4996cb3dc -> 
  custom:container-muxer-webm: aa71ff27fc2769a1b78a27578f13a17b -> 
  custom:container-demuxer-webm: 4f35f7cbe854078d1ac9338744f61a02 -> 
  custom:video-encoder-webm-vp8: eb34c28f22e8b96e1ab97ce403110664 -> 
  custom:audio-encoder-webm-vorbis: bf7c407c2cedff20999df2af8eb42d56 -> 
  custom:framework-win-MediaFoundation: 216162199b28c13a410421893ffa2e32 -> 
  custom:container-demuxer-ogg: 62fdf1f143b41e24485cea50d1cbac27 -> 
  custom:video-decoder-webm-vp8: 9c59270c3fd7afecdb556c50c9e8de78 -> 
  custom:audio-decoder-ogg-vorbis: bf7c407c2cedff20999df2af8eb42d56 -> 
========================================================================
Received Import Request.
  Time since last request: 13982.826483 seconds.
  path: Assets/KayKit_Adventurers_1.0_FREE/contents.png
  artifactKey: Guid(06ca3676fc7f5cc4ba7018d52b3e360c) Importer(815301076,1909f56bfc062723c751e8b465ee728b)
Start importing Assets/KayKit_Adventurers_1.0_FREE/contents.png using Guid(06ca3676fc7f5cc4ba7018d52b3e360c) Importer(815301076,1909f56bfc062723c751e8b465ee728b)  -> (artifact id: 'bc664cf736054ea9aef1889cd97465ae') in 0.123099 seconds 
========================================================================
Received Import Request.
  Time since last request: 3.845986 seconds.
  path: Assets/KayKit_Adventurers_1.0_FREE/Characters
  artifactKey: Guid(ee6217b939c0ab044a894b356e024b20) Importer(815301076,1909f56bfc062723c751e8b465ee728b)
Start importing Assets/KayKit_Adventurers_1.0_FREE/Characters using Guid(ee6217b939c0ab044a894b356e024b20) Importer(815301076,1909f56bfc062723c751e8b465ee728b)  -> (artifact id: 'fa05e2c085ea142fb0d1ea03572deec6') in 0.007559 seconds 
========================================================================
Received Import Request.
  Time since last request: 0.943199 seconds.
  path: Assets/KayKit_Adventurers_1.0_FREE/Characters/fbx
  artifactKey: Guid(954f46a204b999044aadcfaf0d3fb2f3) Importer(815301076,1909f56bfc062723c751e8b465ee728b)
Start importing Assets/KayKit_Adventurers_1.0_FREE/Characters/fbx using Guid(954f46a204b999044aadcfaf0d3fb2f3) Importer(815301076,1909f56bfc062723c751e8b465ee728b)  -> (artifact id: '9af2a73833eeaf3936ffd0066ee8befd') in 0.007415 seconds 
========================================================================
Received Import Request.
  Time since last request: 0.057570 seconds.
  path: Assets/KayKit_Adventurers_1.0_FREE/Characters/fbx/Barbarian.fbx
  artifactKey: Guid(cb0ee6016f618834f975a599dd950cd2) Importer(815301076,1909f56bfc062723c751e8b465ee728b)
Start importing Assets/KayKit_Adventurers_1.0_FREE/Characters/fbx/Barbarian.fbx using Guid(cb0ee6016f618834f975a599dd950cd2) Importer(815301076,1909f56bfc062723c751e8b465ee728b)  -> (artifact id: '62a3b744c8a0a73f31171200fc561da8') in 0.181683 seconds 
========================================================================
Received Import Request.
  Time since last request: 0.000020 seconds.
  path: Assets/KayKit_Adventurers_1.0_FREE/Characters/fbx/Rogue.fbx
  artifactKey: Guid(fdab76e27783081439158a3fbb9e316a) Importer(815301076,1909f56bfc062723c751e8b465ee728b)
Start importing Assets/KayKit_Adventurers_1.0_FREE/Characters/fbx/Rogue.fbx using Guid(fdab76e27783081439158a3fbb9e316a) Importer(815301076,1909f56bfc062723c751e8b465ee728b)  -> (artifact id: 'b63a15a3c2184d76030e93bc949aa00e') in 0.068702 seconds 
========================================================================
Received Import Request.
  Time since last request: 0.000023 seconds.
  path: Assets/KayKit_Adventurers_1.0_FREE/Characters/fbx/mage_texture.png
  artifactKey: Guid(785eae23192ea2040b930ad5a4afb093) Importer(815301076,1909f56bfc062723c751e8b465ee728b)
Start importing Assets/KayKit_Adventurers_1.0_FREE/Characters/fbx/mage_texture.png using Guid(785eae23192ea2040b930ad5a4afb093) Importer(815301076,1909f56bfc062723c751e8b465ee728b)  -> (artifact id: '5c3509a5f03eaed010339b3ef4302453') in 0.037262 seconds 
========================================================================
Received Import Request.
  Time since last request: 0.000016 seconds.
  path: Assets/KayKit_Adventurers_1.0_FREE/Characters/fbx/Knight.fbx
  artifactKey: Guid(4df0bf7d3b444ae4a8731e4ce3de4b0c) Importer(815301076,1909f56bfc062723c751e8b465ee728b)
Start importing Assets/KayKit_Adventurers_1.0_FREE/Characters/fbx/Knight.fbx using Guid(4df0bf7d3b444ae4a8731e4ce3de4b0c) Importer(815301076,1909f56bfc062723c751e8b465ee728b)  -> (artifact id: '6cf853888fd8e895cff701532bc0faaf') in 0.072066 seconds 
========================================================================
Received Import Request.
  Time since last request: 0.000017 seconds.
  path: Assets/KayKit_Adventurers_1.0_FREE/Characters/fbx/rogue_texture.png
  artifactKey: Guid(cc31bd8e4aad68e4d9b0cf0023fc6e64) Importer(815301076,1909f56bfc062723c751e8b465ee728b)
Start importing Assets/KayKit_Adventurers_1.0_FREE/Characters/fbx/rogue_texture.png using Guid(cc31bd8e4aad68e4d9b0cf0023fc6e64) Importer(815301076,1909f56bfc062723c751e8b465ee728b)  -> (artifact id: 'c8035ce79c8afcf593449561fa4ea7f8') in 0.042756 seconds 
========================================================================
Received Import Request.
  Time since last request: 12.845461 seconds.
  path: Assets/KayKit_Adventurers_1.0_FREE/Characters/gltf/mage_texture.png
  artifactKey: Guid(083c07f52398ae64693e93056c7b070a) Importer(815301076,1909f56bfc062723c751e8b465ee728b)
Start importing Assets/KayKit_Adventurers_1.0_FREE/Characters/gltf/mage_texture.png using Guid(083c07f52398ae64693e93056c7b070a) Importer(815301076,1909f56bfc062723c751e8b465ee728b)  -> (artifact id: '992f4ba88b2c619650d81ed7016d53f4') in 0.038660 seconds 
========================================================================
Received Import Request.
  Time since last request: 4.510352 seconds.
  path: Assets/KayKit_Adventurers_1.0_FREE/Assets/fbx/axe_1handed.fbx
  artifactKey: Guid(4ebf02400e915c24c83747176438964d) Importer(815301076,1909f56bfc062723c751e8b465ee728b)
Start importing Assets/KayKit_Adventurers_1.0_FREE/Assets/fbx/axe_1handed.fbx using Guid(4ebf02400e915c24c83747176438964d) Importer(815301076,1909f56bfc062723c751e8b465ee728b)  -> (artifact id: '8a1da51463bc4ce1dbbae150627759a9') in 0.032837 seconds 
========================================================================
Received Import Request.
  Time since last request: 0.000016 seconds.
  path: Assets/KayKit_Adventurers_1.0_FREE/Assets/fbx/spellbook_closed.fbx
  artifactKey: Guid(23bce2edbc87d134897eb823a6e0a6da) Importer(815301076,1909f56bfc062723c751e8b465ee728b)
Start importing Assets/KayKit_Adventurers_1.0_FREE/Assets/fbx/spellbook_closed.fbx using Guid(23bce2edbc87d134897eb823a6e0a6da) Importer(815301076,1909f56bfc062723c751e8b465ee728b)  -> (artifact id: '4a2662020fd7da30d9993840af9b6c3b') in 0.047548 seconds 
========================================================================
Received Import Request.
  Time since last request: 0.000532 seconds.
  path: Assets/KayKit_Adventurers_1.0_FREE/Assets/fbx/staff.fbx
  artifactKey: Guid(a4e474bb44e968f43a078b059ec908e9) Importer(815301076,1909f56bfc062723c751e8b465ee728b)
Start importing Assets/KayKit_Adventurers_1.0_FREE/Assets/fbx/staff.fbx using Guid(a4e474bb44e968f43a078b059ec908e9) Importer(815301076,1909f56bfc062723c751e8b465ee728b)  -> (artifact id: 'eb5c070ff204e71c284b582ec06eb49e') in 0.047858 seconds 
========================================================================
Received Import Request.
  Time since last request: 0.000015 seconds.
  path: Assets/KayKit_Adventurers_1.0_FREE/Assets/fbx/sword_1handed.fbx
  artifactKey: Guid(228e66243f1cef4489a23a0f54674209) Importer(815301076,1909f56bfc062723c751e8b465ee728b)
Start importing Assets/KayKit_Adventurers_1.0_FREE/Assets/fbx/sword_1handed.fbx using Guid(228e66243f1cef4489a23a0f54674209) Importer(815301076,1909f56bfc062723c751e8b465ee728b)  -> (artifact id: '2d8f506887123a9832d8cbc06230591a') in 0.041736 seconds 
========================================================================
Received Import Request.
  Time since last request: 0.000021 seconds.
  path: Assets/KayKit_Adventurers_1.0_FREE/Assets/fbx/rogue_texture.png
  artifactKey: Guid(8a2dc48da3967c94a981d96db515b27b) Importer(815301076,1909f56bfc062723c751e8b465ee728b)
Start importing Assets/KayKit_Adventurers_1.0_FREE/Assets/fbx/rogue_texture.png using Guid(8a2dc48da3967c94a981d96db515b27b) Importer(815301076,1909f56bfc062723c751e8b465ee728b)  -> (artifact id: '86b508bc431fd93a309c4a063b1de40f') in 0.071485 seconds 
========================================================================
Received Import Request.
  Time since last request: 0.000021 seconds.
  path: Assets/KayKit_Adventurers_1.0_FREE/Assets/fbx/smokebomb.fbx
  artifactKey: Guid(26e77df5d1aa93b4bbb87532a4b43b90) Importer(815301076,1909f56bfc062723c751e8b465ee728b)
Start importing Assets/KayKit_Adventurers_1.0_FREE/Assets/fbx/smokebomb.fbx using Guid(26e77df5d1aa93b4bbb87532a4b43b90) Importer(815301076,1909f56bfc062723c751e8b465ee728b)  -> (artifact id: '1efeb9c78f5c17024b92b790c1c1cc1c') in 0.053705 seconds 
========================================================================
Received Import Request.
  Time since last request: 0.000019 seconds.
  path: Assets/KayKit_Adventurers_1.0_FREE/Assets/fbx/sword_2handed_color.fbx
  artifactKey: Guid(5c2380d6e4f13484d83e432471d75382) Importer(815301076,1909f56bfc062723c751e8b465ee728b)
Start importing Assets/KayKit_Adventurers_1.0_FREE/Assets/fbx/sword_2handed_color.fbx using Guid(5c2380d6e4f13484d83e432471d75382) Importer(815301076,1909f56bfc062723c751e8b465ee728b)  -> (artifact id: 'c774dd8468a5d6c4fd9d5ce629924bff') in 0.027665 seconds 
========================================================================
Received Import Request.
  Time since last request: 6.282810 seconds.
  path: Assets/KayKit_Adventurers_1.0_FREE/Textures/mage_texture.png
  artifactKey: Guid(06c44dc3991b34c43b511b0c2a3b3855) Importer(815301076,1909f56bfc062723c751e8b465ee728b)
Start importing Assets/KayKit_Adventurers_1.0_FREE/Textures/mage_texture.png using Guid(06c44dc3991b34c43b511b0c2a3b3855) Importer(815301076,1909f56bfc062723c751e8b465ee728b)  -> (artifact id: '41d8b6bf7396a345ba60cd7c43085570') in 0.070160 seconds 
========================================================================
Received Import Request.
  Time since last request: 2.485953 seconds.
  path: Assets/KayKit_Adventurers_1.0_FREE/Samples/engineer.png
  artifactKey: Guid(44404842967d4394bb957b299ec84b78) Importer(815301076,1909f56bfc062723c751e8b465ee728b)
Start importing Assets/KayKit_Adventurers_1.0_FREE/Samples/engineer.png using Guid(44404842967d4394bb957b299ec84b78) Importer(815301076,1909f56bfc062723c751e8b465ee728b)  -> (artifact id: 'fe805cdc415285742f13fc67e7e96e8f') in 0.088479 seconds 
Editor requested this worker to shutdown with reason: Scaling down because of idle timeout
AssetImportWorker is now disconnected from the server
Process exiting
Exiting without the bug reporter. Application will terminate with return code 0